<?xml version="1.0" encoding="UTF-8"?>
<!-- Generated by org.testng.reporters.JUnitReportReporter -->
<testsuite hostname="ip-172-31-18-244" failures="0" tests="2" name="testcases.LoginTest" time="13.754" errors="0" timestamp="06 Feb 2024 02:43:52 GMT" skipped="0">
  <testcase classname="testcases.LoginTest" name="LoginFailiureTest" time="6.740"/>
  <testcase classname="testcases.LoginTest" name="LoginSuccessTest" time="7.014"/>
</testsuite> <!-- testcases.LoginTest -->
