<?xml version="1.0" encoding="UTF-8"?>
<!-- Generated by org.testng.reporters.JUnitReportReporter -->
<testsuite hostname="ip-172-31-18-244" failures="0" tests="2" name="testcases.LoginTest" time="12.022" errors="0" timestamp="02 Dec 2023 03:09:03 GMT" skipped="0">
  <testcase classname="testcases.LoginTest" name="LoginSuccessTest" time="5.914"/>
  <testcase classname="testcases.LoginTest" name="LoginFailiureTest" time="6.108"/>
</testsuite> <!-- testcases.LoginTest -->
