<?xml version="1.0" encoding="UTF-8"?>
<!-- Generated by org.testng.reporters.JUnitReportReporter -->
<testsuite hostname="ip-172-31-18-244" failures="0" tests="2" name="testcases.LoginTest" time="12.611" errors="0" timestamp="02 Mar 2024 17:22:45 GMT" skipped="0">
  <testcase classname="testcases.LoginTest" name="LoginSuccessTest" time="7.069"/>
  <testcase classname="testcases.LoginTest" name="LoginFailiureTest" time="5.542"/>
</testsuite> <!-- testcases.LoginTest -->
