<?xml version="1.0" encoding="UTF-8"?>
<!-- Generated by org.testng.reporters.JUnitReportReporter -->
<testsuite hostname="ip-172-31-18-244" failures="0" tests="2" name="testcases.LoginTest" time="11.724" errors="0" timestamp="25 Nov 2023 14:24:51 GMT" skipped="0">
  <testcase classname="testcases.LoginTest" name="LoginFailiureTest" time="6.661"/>
  <testcase classname="testcases.LoginTest" name="LoginSuccessTest" time="5.063"/>
</testsuite> <!-- testcases.LoginTest -->
